Сборка начата 15.11.2023 1:50:40.
Уровень детализации журнала: Normal.     1>Проект "C:\Users\user\Desktop\VS\оаип\лр11\lab11,5\lab11,5\lab11,5.vcxproj" в узле 2 (целевые объекты Build).
     1>PrepareForBuild:
         Создание каталога "C:\Users\user\Desktop\VS\оаип\лр11\lab11,5\x64\Debug\".
         Создание каталога "x64\Debug\lab11,5.tlog\".
       InitializeBuildStatus:
         Создание "x64\Debug\lab11,5.tlog\unsuccessfulbuild", так как было задано "AlwaysCreate".
         Обращение к "x64\Debug\lab11,5.tlog\unsuccessfulbuild".
       ClCompile:
         C:\Program Files\Microsoft Visual Studio\2022\Community\VC\Tools\MSVC\14.37.32822\bin\HostX64\x64\CL.exe /c /ZI /JMC /nologo /W3 /WX- /diagnostics:column /sdl /Od /D _DEBUG /D _CONSOLE /D _UNICODE /D UNICODE /Gm- /EHsc /RTC1 /MDd /GS /fp:precise /Zc:wchar_t /Zc:forScope /Zc:inline /permissive- /Fo"x64\Debug\\" /Fd"x64\Debug\vc143.pdb" /external:W3 /Gd /TP /FC /errorReport:prompt "lab11,5.cpp"
         lab11,5.cpp
     1>C:\Users\user\Desktop\VS\оаип\лр11\lab11,5\lab11,5\lab11,5.cpp(8,12): warning C4101: mask: неиспользованная локальная переменная
       Link:
         C:\Program Files\Microsoft Visual Studio\2022\Community\VC\Tools\MSVC\14.37.32822\bin\HostX64\x64\link.exe /ERRORREPORT:PROMPT /OUT:"C:\Users\user\Desktop\VS\оаип\лр11\lab11,5\x64\Debug\lab11,5.exe" /INCREMENTAL /ILK:"x64\Debug\lab11,5.ilk" /NOLOGO kernel32.lib user32.lib gdi32.lib winspool.lib comdlg32.lib advapi32.lib shell32.lib ole32.lib oleaut32.lib uuid.lib odbc32.lib odbccp32.lib /MANIFEST /MANIFESTUAC:"level='asInvoker' uiAccess='false'" /manifest:embed /DEBUG /PDB:"C:\Users\user\Desktop\VS\оаип\лр11\lab11,5\x64\Debug\lab11,5.pdb" /SUBSYSTEM:CONSOLE /TLBID:1 /DYNAMICBASE /NXCOMPAT /IMPLIB:"C:\Users\user\Desktop\VS\оаип\лр11\lab11,5\x64\Debug\lab11,5.lib" /MACHINE:X64 "x64\Debug\lab11,5.obj"
         lab11,5.vcxproj -> C:\Users\user\Desktop\VS\оаип\лр11\lab11,5\x64\Debug\lab11,5.exe
       FinalizeBuildStatus:
         Файл "x64\Debug\lab11,5.tlog\unsuccessfulbuild" удаляется.
         Обращение к "x64\Debug\lab11,5.tlog\lab11,5.lastbuildstate".
     1>Сборка проекта "C:\Users\user\Desktop\VS\оаип\лр11\lab11,5\lab11,5\lab11,5.vcxproj" завершена (целевые объекты Build).

Сборка успешно завершена.

       "C:\Users\user\Desktop\VS\оаип\лр11\lab11,5\lab11,5\lab11,5.vcxproj" (целевой объект Build ) (1) ->
       (Целевой объект ClCompile) -> 
         C:\Users\user\Desktop\VS\оаип\лр11\lab11,5\lab11,5\lab11,5.cpp(8,12): warning C4101: mask: неиспользованная локальная переменная

    Предупреждений: 1
    Ошибок: 0

Прошло времени 00:00:02.30
